<?xml version="1.0" encoding="UTF-8"?>
<!-- Generated by org.testng.reporters.JUnitReportReporter -->
<testsuite hostname="Devi" failures="0" tests="1" name="beauty.LaunchLoreal_Test" time="9.747" errors="0" timestamp="2024-05-21T16:25:53 IST" skipped="0">
  <testcase classname="beauty.LaunchLoreal_Test" name="loreal" time="9.747"/>
  <system-out/>
</testsuite> <!-- beauty.LaunchLoreal_Test -->
