<?xml version="1.0" encoding="UTF-8"?>
<!-- Generated by org.testng.reporters.JUnitReportReporter -->
<testsuite hostname="Devi" failures="0" tests="1" name="STScenarios.Scenario02" time="8.269" errors="0" timestamp="2024-05-27T14:51:33 IST" skipped="0">
  <testcase classname="STScenarios.Scenario02" name="scenario2" time="8.269"/>
  <system-out/>
</testsuite> <!-- STScenarios.Scenario02 -->
