<?xml version="1.0" encoding="UTF-8"?>
<!-- Generated by org.testng.reporters.JUnitReportReporter -->
<testsuite hostname="Devi" failures="0" tests="1" name="food.LaunchSwiggy_Test" time="4.492" errors="0" timestamp="2024-05-21T16:29:38 IST" skipped="0">
  <testcase classname="food.LaunchSwiggy_Test" name="swiggy" time="4.492"/>
  <system-out/>
</testsuite> <!-- food.LaunchSwiggy_Test -->
