<?xml version="1.0" encoding="UTF-8"?>
<!-- Generated by org.testng.reporters.JUnitReportReporter -->
<testsuite hostname="Devi" failures="0" tests="1" name="STScenarios.Script01" time="16.822" errors="0" timestamp="2024-05-27T14:52:27 IST" skipped="0">
  <testcase classname="STScenarios.Script01" name="script1" time="16.822"/>
  <system-out>
user clicked on register button user selected radio button user clicked on register button user clicked on login button user has entered the email user has entered the password user has logined the application user clicked on shoes module user has clicked on one shoe in list of suggestions user added the product in cart user checked the shooping cart whether the product is added  </system-out>
</testsuite> <!-- STScenarios.Script01 -->
