<?xml version="1.0" encoding="UTF-8"?>
<!-- Generated by org.testng.reporters.JUnitReportReporter -->
<testsuite hostname="Devi" failures="0" tests="1" name="reports.Script01" time="18.391" errors="0" timestamp="2024-05-24T17:14:27 IST" skipped="0">
  <testcase classname="reports.Script01" name="script1" time="18.391"/>
  <system-out/>
</testsuite> <!-- reports.Script01 -->
