<?xml version="1.0" encoding="UTF-8"?>
<!-- Generated by org.testng.reporters.JUnitReportReporter -->
<testsuite hostname="Devi" failures="0" tests="1" name="food.LaunchingZomato_Test" time="11.967" errors="0" timestamp="2024-05-21T16:29:22 IST" skipped="0">
  <testcase classname="food.LaunchingZomato_Test" name="zomato" time="11.967"/>
  <system-out/>
</testsuite> <!-- food.LaunchingZomato_Test -->
