<?xml version="1.0" encoding="UTF-8"?>
<!-- Generated by org.testng.reporters.JUnitReportReporter -->
<testsuite hostname="Devi" failures="0" tests="1" name="beauty.LaunchSugar_Test" time="13.061" errors="0" timestamp="2024-05-21T16:26:19 IST" skipped="0">
  <testcase classname="beauty.LaunchSugar_Test" name="sugar" time="13.061"/>
  <system-out/>
</testsuite> <!-- beauty.LaunchSugar_Test -->
