<?xml version="1.0" encoding="UTF-8"?>
<!-- Generated by org.testng.reporters.JUnitReportReporter -->
<testsuite hostname="Devi" failures="0" tests="1" name="ItScenarios.Scenario3" time="13.111" errors="0" timestamp="2024-05-25T13:42:16 IST" skipped="0">
  <testcase classname="ItScenarios.Scenario3" name="script3" time="13.111"/>
  <system-out>
user checked whether books viewed in list mode  </system-out>
</testsuite> <!-- ItScenarios.Scenario3 -->
